{
  "RSpec": {
    "coverage": {
      "/Users/manicas/thisismitch/ama_moderator/app/models/user.rb": [
        1,
        null,
        null,
        1,
        null,
        null,
        1,
        1,
        1,
        1,
        1,
        null,
        1,
        0,
        0,
        0,
        0,
        0,
        0,
        0,
        null,
        null,
        null
      ],
      "/Users/manicas/thisismitch/ama_moderator/app/helpers/application_helper.rb": [
        1,
        null
      ],
      "/Users/manicas/thisismitch/ama_moderator/app/helpers/events_helper.rb": [
        1,
        1,
        5,
        5,
        null,
        null,
        null,
        1,
        0,
        0,
        null,
        null,
        null,
        1,
        11,
        null,
        null
      ],
      "/Users/manicas/thisismitch/ama_moderator/app/helpers/questions_helper.rb": [
        1,
        null
      ],
      "/Users/manicas/thisismitch/ama_moderator/app/helpers/responses_helper.rb": [
        1,
        null
      ],
      "/Users/manicas/thisismitch/ama_moderator/app/helpers/users_helper.rb": [
        1,
        null
      ],
      "/Users/manicas/thisismitch/ama_moderator/app/helpers/votes_helper.rb": [
        1,
        null
      ],
      "/Users/manicas/thisismitch/ama_moderator/app/controllers/events_controller.rb": [
        1,
        1,
        1,
        null,
        1,
        4,
        null,
        null,
        null,
        1,
        1,
        1,
        0,
        0,
        null,
        0,
        null,
        null,
        null,
        1,
        1,
        null,
        1,
        0,
        null,
        1,
        null,
        null,
        null,
        1,
        1,
        1,
        null,
        null,
        1,
        3,
        3,
        3,
        3,
        null,
        3,
        1,
        null,
        2,
        null,
        null,
        null,
        1,
        0,
        null,
        null,
        1,
        0,
        null,
        0,
        null,
        0,
        0,
        null,
        0,
        null,
        null,
        null,
        1,
        0,
        0,
        0,
        null,
        null,
        1,
        0,
        0,
        0,
        null,
        null,
        1,
        0,
        0,
        0,
        null,
        null,
        null,
        1,
        null,
        1,
        3,
        null,
        null,
        1,
        1,
        null,
        null,
        1,
        10,
        null,
        null,
        1,
        4,
        4,
        4,
        null,
        null
      ],
      "/Users/manicas/thisismitch/ama_moderator/app/controllers/application_controller.rb": [
        1,
        null,
        null,
        1,
        1,
        null,
        1,
        1,
        null,
        1,
        null,
        1,
        1,
        1,
        null,
        null
      ],
      "/Users/manicas/thisismitch/ama_moderator/app/models/event.rb": [
        1,
        1,
        1,
        1,
        null,
        1,
        2,
        null,
        null,
        1,
        1,
        null,
        null,
        null,
        1,
        9,
        6,
        null,
        3,
        null,
        null,
        null,
        1,
        7,
        null,
        null,
        1,
        3,
        null,
        null,
        null,
        1,
        3,
        null,
        null,
        1,
        9,
        null,
        null,
        1,
        6,
        5,
        null,
        null,
        null
      ],
      "/Users/manicas/thisismitch/ama_moderator/app/models/question.rb": [
        1,
        1,
        1,
        null,
        1,
        1,
        1,
        1,
        null,
        1,
        4,
        null,
        null,
        1,
        4,
        null,
        null,
        1,
        2,
        null,
        null
      ],
      "/Users/manicas/thisismitch/ama_moderator/app/models/vote.rb": [
        1,
        1,
        null,
        1,
        1,
        null,
        1,
        4,
        null,
        null,
        1,
        3,
        null,
        null
      ],
      "/Users/manicas/thisismitch/ama_moderator/app/policies/event_policy.rb": [
        1,
        1,
        null,
        1,
        12,
        12,
        null,
        null,
        1,
        1,
        null,
        null,
        1,
        14,
        null,
        null,
        1,
        3,
        null,
        null,
        1,
        0,
        null,
        null,
        1,
        0,
        null,
        null,
        1,
        0,
        null,
        null,
        1,
        0,
        null,
        null
      ],
      "/Users/manicas/thisismitch/ama_moderator/app/policies/application_policy.rb": [
        1,
        1,
        null,
        1,
        0,
        0,
        null,
        null,
        1,
        0,
        null,
        null,
        1,
        0,
        null,
        null,
        1,
        0,
        null,
        null,
        1,
        0,
        null,
        null,
        1,
        0,
        null,
        null,
        1,
        0,
        null,
        null,
        1,
        0,
        null,
        null,
        1,
        0,
        null,
        null,
        1,
        1,
        null,
        1,
        0,
        0,
        null,
        null,
        1,
        0,
        null,
        null,
        null
      ],
      "/Users/manicas/thisismitch/ama_moderator/app/controllers/users_controller.rb": [
        1,
        1,
        1,
        1,
        null,
        1,
        2,
        null,
        null,
        1,
        0,
        0,
        0,
        null,
        0,
        0,
        null,
        0,
        null,
        null,
        null,
        1,
        0,
        null,
        null,
        1,
        0,
        null,
        null,
        1,
        null,
        1,
        2,
        null,
        null,
        1,
        2,
        null,
        null,
        1,
        0,
        null,
        null,
        1,
        0,
        null,
        null
      ],
      "/Users/manicas/thisismitch/ama_moderator/app/policies/user_policy.rb": [
        1,
        1,
        null,
        1,
        2,
        2,
        null,
        null,
        1,
        2,
        null,
        null,
        1,
        0,
        null,
        null
      ],
      "/Users/manicas/thisismitch/ama_moderator/app/controllers/questions_controller.rb": [
        0,
        0,
        0,
        0,
        0,
        0,
        0,
        0,
        0,
        0,
        0,
        0,
        0,
        0,
        0,
        0,
        0,
        0,
        0,
        0,
        0,
        0,
        0,
        0,
        0,
        0,
        0,
        0,
        0,
        0,
        0,
        0,
        0,
        0,
        0,
        0,
        0,
        0,
        0,
        0,
        0,
        0,
        0,
        0,
        0,
        0,
        0,
        0,
        0,
        0,
        0,
        0,
        0,
        0,
        0,
        0,
        0,
        0,
        0,
        0,
        0,
        0,
        0,
        0,
        0,
        0,
        0,
        0,
        0,
        0,
        0,
        0,
        0,
        0,
        0,
        0
      ],
      "/Users/manicas/thisismitch/ama_moderator/app/controllers/responses_controller.rb": [
        0,
        0,
        0,
        0,
        0,
        0,
        0,
        0,
        0,
        0,
        0,
        0,
        0,
        0,
        0,
        0,
        0,
        0,
        0,
        0,
        0,
        0,
        0,
        0,
        0,
        0,
        0,
        0,
        0,
        0,
        0,
        0,
        0,
        0,
        0,
        0,
        0,
        0,
        0,
        0,
        0,
        0,
        0,
        0,
        0,
        0,
        0,
        0,
        0,
        0,
        0,
        0,
        0,
        0,
        0,
        0,
        0,
        0,
        0,
        0,
        0,
        0,
        0,
        0,
        0,
        0,
        0,
        0,
        0,
        0,
        0,
        0,
        0,
        0,
        0,
        0,
        0,
        0,
        0,
        0,
        0
      ],
      "/Users/manicas/thisismitch/ama_moderator/app/controllers/users/omniauth_callbacks_controller.rb": [
        0,
        0,
        0,
        0,
        0,
        0,
        0,
        0,
        0,
        0,
        0,
        0,
        0,
        0,
        0,
        0,
        0,
        0
      ],
      "/Users/manicas/thisismitch/ama_moderator/app/controllers/votes_controller.rb": [
        0,
        0,
        0,
        0,
        0,
        0,
        0,
        0,
        0,
        0,
        0,
        0,
        0,
        0,
        0,
        0,
        0,
        0,
        0,
        0,
        0,
        0,
        0,
        0,
        0,
        0,
        0,
        0,
        0,
        0
      ],
      "/Users/manicas/thisismitch/ama_moderator/app/models/response.rb": [
        0,
        0,
        0,
        0,
        0,
        0,
        0
      ],
      "/Users/manicas/thisismitch/ama_moderator/app/policies/question_policy.rb": [
        0,
        0,
        0,
        0,
        0,
        0,
        0,
        0,
        0,
        0,
        0,
        0,
        0,
        0,
        0,
        0,
        0,
        0,
        0,
        0,
        0,
        0,
        0,
        0,
        0,
        0,
        0,
        0
      ],
      "/Users/manicas/thisismitch/ama_moderator/app/policies/response_policy.rb": [
        0,
        0,
        0,
        0,
        0,
        0,
        0,
        0,
        0,
        0,
        0,
        0,
        0,
        0,
        0,
        0,
        0,
        0,
        0,
        0,
        0
      ]
    },
    "timestamp": 1449419374
  }
}
